[0131/135725.109:ERROR:settings.cc(320)] Settings magic is not 1129342067
[1014/110437.544:ERROR:directory_reader_win.cc(43)] FindFirstFile: The system cannot find the path specified. (0x3)
[1015/170321.804:ERROR:process_reader_win.cc(151)] SuspendThread: Access is denied. (0x5)
[1015/170321.804:ERROR:process_reader_win.cc(151)] SuspendThread: Access is denied. (0x5)
[1015/170321.804:ERROR:process_reader_win.cc(151)] SuspendThread: Access is denied. (0x5)
[1015/170321.804:ERROR:process_reader_win.cc(151)] SuspendThread: Access is denied. (0x5)
[1015/170321.804:ERROR:process_reader_win.cc(123)] NtOpenThread: {Access Denied} A process has requested access to an object, but has not been granted those access rights. (0xc0000022)
[1015/170321.804:ERROR:process_reader_win.cc(123)] NtOpenThread: {Access Denied} A process has requested access to an object, but has not been granted those access rights. (0xc0000022)
[1015/170321.820:ERROR:exception_snapshot_win.cc(99)] thread ID 12980 not found in process
[1015/170321.820:ERROR:exception_snapshot_win.cc(99)] thread ID 14280 not found in process
[1015/170321.820:ERROR:process_reader_win.cc(151)] SuspendThread: Access is denied. (0x5)
[1015/170321.820:ERROR:process_reader_win.cc(151)] SuspendThread: Access is denied. (0x5)
[1015/170321.820:ERROR:process_reader_win.cc(123)] NtOpenThread: {Access Denied} A process has requested access to an object, but has not been granted those access rights. (0xc0000022)
[1015/170321.820:ERROR:exception_snapshot_win.cc(99)] thread ID 23840 not found in process
[1015/170321.929:ERROR:process_reader_win.cc(151)] SuspendThread: Access is denied. (0x5)
[1015/170321.929:ERROR:process_reader_win.cc(151)] SuspendThread: Access is denied. (0x5)
[1015/170321.929:ERROR:process_reader_win.cc(151)] SuspendThread: Access is denied. (0x5)
[1015/170321.929:ERROR:process_reader_win.cc(151)] SuspendThread: Access is denied. (0x5)
[1015/170321.929:ERROR:process_reader_win.cc(151)] SuspendThread: Access is denied. (0x5)
[1015/170321.929:ERROR:process_reader_win.cc(151)] SuspendThread: Access is denied. (0x5)
[1015/170321.929:ERROR:process_reader_win.cc(151)] SuspendThread: Access is denied. (0x5)
[1015/170321.929:ERROR:process_reader_win.cc(151)] SuspendThread: Access is denied. (0x5)
[1015/170321.929:ERROR:process_reader_win.cc(151)] SuspendThread: Access is denied. (0x5)
[1015/170321.929:ERROR:process_reader_win.cc(151)] SuspendThread: Access is denied. (0x5)
[1015/170321.929:ERROR:process_reader_win.cc(151)] SuspendThread: Access is denied. (0x5)
[1015/170321.929:ERROR:process_reader_win.cc(151)] SuspendThread: Access is denied. (0x5)
[1015/170321.929:ERROR:process_reader_win.cc(151)] SuspendThread: Access is denied. (0x5)
[1015/170321.929:ERROR:process_reader_win.cc(151)] SuspendThread: Access is denied. (0x5)
[1015/170321.929:ERROR:process_reader_win.cc(151)] SuspendThread: Access is denied. (0x5)
[1015/170321.929:ERROR:process_reader_win.cc(123)] NtOpenThread: {Access Denied} A process has requested access to an object, but has not been granted those access rights. (0xc0000022)
[1015/170321.929:ERROR:exception_snapshot_win.cc(99)] thread ID 22400 not found in process
[1015/170321.960:ERROR:process_reader_win.cc(151)] SuspendThread: Access is denied. (0x5)
[1015/170321.960:ERROR:process_reader_win.cc(151)] SuspendThread: Access is denied. (0x5)
[1015/170321.960:ERROR:process_reader_win.cc(151)] SuspendThread: Access is denied. (0x5)
[1015/170321.960:ERROR:process_reader_win.cc(151)] SuspendThread: Access is denied. (0x5)
[1015/170321.960:ERROR:process_reader_win.cc(151)] SuspendThread: Access is denied. (0x5)
[1015/170321.960:ERROR:process_reader_win.cc(151)] SuspendThread: Access is denied. (0x5)
[1015/170321.960:ERROR:process_reader_win.cc(151)] SuspendThread: Access is denied. (0x5)
[1015/170321.960:ERROR:process_reader_win.cc(151)] SuspendThread: Access is denied. (0x5)
[1015/170321.960:ERROR:process_reader_win.cc(151)] SuspendThread: Access is denied. (0x5)
[1015/170321.960:ERROR:process_reader_win.cc(151)] SuspendThread: Access is denied. (0x5)
[1015/170321.960:ERROR:process_reader_win.cc(151)] SuspendThread: Access is denied. (0x5)
[1015/170321.960:ERROR:process_reader_win.cc(151)] SuspendThread: Access is denied. (0x5)
[1015/170321.960:ERROR:process_reader_win.cc(151)] SuspendThread: Access is denied. (0x5)
[1015/170321.960:ERROR:process_reader_win.cc(151)] SuspendThread: Access is denied. (0x5)
[1015/170321.960:ERROR:process_reader_win.cc(151)] SuspendThread: Access is denied. (0x5)
[1015/170321.960:ERROR:process_reader_win.cc(123)] NtOpenThread: {Access Denied} A process has requested access to an object, but has not been granted those access rights. (0xc0000022)
[1015/170321.960:ERROR:exception_snapshot_win.cc(99)] thread ID 1708 not found in process
[1015/170321.976:ERROR:process_reader_win.cc(151)] SuspendThread: Access is denied. (0x5)
[1015/170321.976:ERROR:process_reader_win.cc(151)] SuspendThread: Access is denied. (0x5)
[1015/170321.976:ERROR:process_reader_win.cc(151)] SuspendThread: Access is denied. (0x5)
[1015/170321.976:ERROR:process_reader_win.cc(151)] SuspendThread: Access is denied. (0x5)
[1015/170321.976:ERROR:process_reader_win.cc(151)] SuspendThread: Access is denied. (0x5)
[1015/170321.976:ERROR:process_reader_win.cc(151)] SuspendThread: Access is denied. (0x5)
[1015/170321.976:ERROR:process_reader_win.cc(151)] SuspendThread: Access is denied. (0x5)
[1015/170321.976:ERROR:process_reader_win.cc(151)] SuspendThread: Access is denied. (0x5)
[1015/170321.976:ERROR:process_reader_win.cc(151)] SuspendThread: Access is denied. (0x5)
[1015/170321.976:ERROR:process_reader_win.cc(151)] SuspendThread: Access is denied. (0x5)
[1015/170321.976:ERROR:process_reader_win.cc(151)] SuspendThread: Access is denied. (0x5)
[1015/170321.976:ERROR:process_reader_win.cc(151)] SuspendThread: Access is denied. (0x5)
[1015/170321.976:ERROR:process_reader_win.cc(151)] SuspendThread: Access is denied. (0x5)
[1015/170321.976:ERROR:process_reader_win.cc(151)] SuspendThread: Access is denied. (0x5)
[1015/170321.976:ERROR:process_reader_win.cc(123)] NtOpenThread: {Access Denied} A process has requested access to an object, but has not been granted those access rights. (0xc0000022)
[1015/170321.976:ERROR:exception_snapshot_win.cc(99)] thread ID 9260 not found in process
